[27/Jun/2020:05:07:37] (I): WordPress Instance Info:
[27/Jun/2020:05:07:37] (I): Home URL : http://localhost/projects/LSP
[27/Jun/2020:05:07:37] (I): Site URL : http://localhost/projects/LSP
[27/Jun/2020:05:07:37] (I): WordPress Version : 5.4.2
[27/Jun/2020:05:07:37] (I): Onboarding Version : 1.0.1
[27/Jun/2020:05:07:37] (I): Multisite : No
[27/Jun/2020:05:07:37] (I): Server Info : Apache/2.4.41 (Win64) OpenSSL/1.1.1c PHP/7.2.28
[27/Jun/2020:05:07:37] (I): PHP Version : 7.2.28
[27/Jun/2020:05:07:37] (I): HTTPS : No
[27/Jun/2020:05:07:37] (I): PHP Max Execution Time : 120
[27/Jun/2020:05:07:37] (I): PHP Max Input Vars : 1000
[27/Jun/2020:05:07:37] (I): Max Upload Size : 41943040
[27/Jun/2020:05:07:37] (I): Plugins:
[27/Jun/2020:05:07:37] (I): [PLUGIN] Gutenberg Blocks and Template Library by Otter : v1.5.5 (ThemeIsle)
[27/Jun/2020:05:07:37] (I): [PLUGIN] Orbit Fox Companion : v2.9.10 (Themeisle)
[27/Jun/2020:05:07:37] (I): [PLUGIN] WPForms Lite : v1.6.1 (WPForms)
[27/Jun/2020:05:07:37] (P): Saving remote XML
[27/Jun/2020:05:07:37] (S): Saved remote XML at path C:\xampp\htdocs\projects\LSP/wp-content/uploads/themeisle-demo-import.xml.
[27/Jun/2020:05:07:37] (P): Starting content import...
[27/Jun/2020:05:07:37] (S): Import started.
[27/Jun/2020:05:07:37] (S): Parsing XML file.
[27/Jun/2020:05:07:37] (P): Starting parsing file:C:\xampp\htdocs\projects\LSP/wp-content/uploads/themeisle-demo-import.xml
[27/Jun/2020:05:07:37] (P): Using WXR_Parser_SimpleXML...
[27/Jun/2020:05:07:37] (S): Parsed XML
[27/Jun/2020:05:07:37] (P): Processing categories...
[27/Jun/2020:05:07:37] (S): Processed categories.
[27/Jun/2020:05:07:37] (P): Processing tags...
[27/Jun/2020:05:07:37] (S): No tags to process.
[27/Jun/2020:05:07:37] (P): Processing terms...
[27/Jun/2020:05:07:37] (S): Processed terms.
[27/Jun/2020:05:07:37] (P): Processing posts...
[27/Jun/2020:05:07:37] (P): Inserting custom_css: neve .
[27/Jun/2020:05:07:37] (S): Done inserting custom_css: neve .
[27/Jun/2020:05:07:37] (P): Processing attachment: https://s33834.pcdn.co/lawyers-gb/wp-content/uploads/sites/451/2019/08/neve-lawyers-demo-02.jpg...
[27/Jun/2020:05:07:37] (P): Fetching attachment from url: https://s33834.pcdn.co/lawyers-gb/wp-content/uploads/sites/451/2019/08/neve-lawyers-demo-02.jpg...
[27/Jun/2020:05:07:38] (S): Fetched remote attachment.
[27/Jun/2020:05:07:38] (P): Inserting attachment...
[27/Jun/2020:05:07:38] (S): Attachment inserted
[27/Jun/2020:05:07:38] (S): Processed attachment.
[27/Jun/2020:05:07:38] (P): Processing attachment: https://s33834.pcdn.co/lawyers-gb/wp-content/uploads/sites/451/2019/08/neve-lawyers-demo-03.jpg...
[27/Jun/2020:05:07:38] (P): Fetching attachment from url: https://s33834.pcdn.co/lawyers-gb/wp-content/uploads/sites/451/2019/08/neve-lawyers-demo-03.jpg...
[27/Jun/2020:05:07:38] (S): Fetched remote attachment.
[27/Jun/2020:05:07:38] (P): Inserting attachment...
[27/Jun/2020:05:07:38] (S): Attachment inserted
[27/Jun/2020:05:07:38] (S): Processed attachment.
[27/Jun/2020:05:07:38] (P): Processing attachment: https://s33834.pcdn.co/lawyers-gb/wp-content/uploads/sites/451/2019/08/neve-lawyers-demo-04.jpg...
[27/Jun/2020:05:07:38] (P): Fetching attachment from url: https://s33834.pcdn.co/lawyers-gb/wp-content/uploads/sites/451/2019/08/neve-lawyers-demo-04.jpg...
[27/Jun/2020:05:07:39] (S): Fetched remote attachment.
[27/Jun/2020:05:07:39] (P): Inserting attachment...
[27/Jun/2020:05:07:39] (S): Attachment inserted
[27/Jun/2020:05:07:39] (S): Processed attachment.
[27/Jun/2020:05:07:39] (P): Processing attachment: https://s33834.pcdn.co/lawyers-gb/wp-content/uploads/sites/451/2019/08/neve-lawyers-demo-06.jpg...
[27/Jun/2020:05:07:39] (P): Fetching attachment from url: https://s33834.pcdn.co/lawyers-gb/wp-content/uploads/sites/451/2019/08/neve-lawyers-demo-06.jpg...
[27/Jun/2020:05:07:39] (S): Fetched remote attachment.
[27/Jun/2020:05:07:39] (P): Inserting attachment...
[27/Jun/2020:05:07:39] (S): Attachment inserted
[27/Jun/2020:05:07:39] (S): Processed attachment.
[27/Jun/2020:05:07:39] (P): Processing attachment: https://s33834.pcdn.co/lawyers-gb/wp-content/uploads/sites/451/2019/08/neve-lawyers-demo-07.jpg...
[27/Jun/2020:05:07:39] (P): Fetching attachment from url: https://s33834.pcdn.co/lawyers-gb/wp-content/uploads/sites/451/2019/08/neve-lawyers-demo-07.jpg...
[27/Jun/2020:05:07:39] (S): Fetched remote attachment.
[27/Jun/2020:05:07:39] (P): Inserting attachment...
[27/Jun/2020:05:07:39] (S): Attachment inserted
[27/Jun/2020:05:07:39] (S): Processed attachment.
[27/Jun/2020:05:07:39] (P): Processing attachment: https://s33834.pcdn.co/lawyers-gb/wp-content/uploads/sites/451/2019/08/neve-lawyers-demo-08.jpg...
[27/Jun/2020:05:07:39] (P): Fetching attachment from url: https://s33834.pcdn.co/lawyers-gb/wp-content/uploads/sites/451/2019/08/neve-lawyers-demo-08.jpg...
[27/Jun/2020:05:07:40] (S): Fetched remote attachment.
[27/Jun/2020:05:07:40] (P): Inserting attachment...
[27/Jun/2020:05:07:40] (S): Attachment inserted
[27/Jun/2020:05:07:40] (S): Processed attachment.
[27/Jun/2020:05:07:40] (P): Processing attachment: https://s33834.pcdn.co/lawyers-gb/wp-content/uploads/sites/451/2019/08/neve-lawyers-demo-09.jpg...
[27/Jun/2020:05:07:40] (P): Fetching attachment from url: https://s33834.pcdn.co/lawyers-gb/wp-content/uploads/sites/451/2019/08/neve-lawyers-demo-09.jpg...
[27/Jun/2020:05:07:40] (S): Fetched remote attachment.
[27/Jun/2020:05:07:40] (P): Inserting attachment...
[27/Jun/2020:05:07:40] (S): Attachment inserted
[27/Jun/2020:05:07:40] (S): Processed attachment.
[27/Jun/2020:05:07:40] (P): Processing attachment: https://s33834.pcdn.co/lawyers-gb/wp-content/uploads/sites/451/2019/08/neve-lawyers-demo-10.jpg...
[27/Jun/2020:05:07:40] (P): Fetching attachment from url: https://s33834.pcdn.co/lawyers-gb/wp-content/uploads/sites/451/2019/08/neve-lawyers-demo-10.jpg...
[27/Jun/2020:05:07:41] (S): Fetched remote attachment.
[27/Jun/2020:05:07:41] (P): Inserting attachment...
[27/Jun/2020:05:07:41] (S): Attachment inserted
[27/Jun/2020:05:07:41] (S): Processed attachment.
[27/Jun/2020:05:07:41] (P): Processing attachment: https://s33834.pcdn.co/lawyers-gb/wp-content/uploads/sites/451/2019/08/neve-lawyers-demo-12.jpg...
[27/Jun/2020:05:07:41] (P): Fetching attachment from url: https://s33834.pcdn.co/lawyers-gb/wp-content/uploads/sites/451/2019/08/neve-lawyers-demo-12.jpg...
[27/Jun/2020:05:07:41] (S): Fetched remote attachment.
[27/Jun/2020:05:07:41] (P): Inserting attachment...
[27/Jun/2020:05:07:41] (S): Attachment inserted
[27/Jun/2020:05:07:41] (S): Processed attachment.
[27/Jun/2020:05:07:41] (P): Processing attachment: https://s33834.pcdn.co/lawyers-gb/wp-content/uploads/sites/451/2019/08/neve-lawyers-demo-13.jpg...
[27/Jun/2020:05:07:41] (P): Fetching attachment from url: https://s33834.pcdn.co/lawyers-gb/wp-content/uploads/sites/451/2019/08/neve-lawyers-demo-13.jpg...
[27/Jun/2020:05:07:41] (S): Fetched remote attachment.
[27/Jun/2020:05:07:41] (P): Inserting attachment...
[27/Jun/2020:05:07:41] (S): Attachment inserted
[27/Jun/2020:05:07:41] (S): Processed attachment.
[27/Jun/2020:05:07:41] (P): Processing attachment: https://s33834.pcdn.co/lawyers-gb/wp-content/uploads/sites/451/2019/08/neve-lawyers-demo-14.jpg...
[27/Jun/2020:05:07:41] (P): Fetching attachment from url: https://s33834.pcdn.co/lawyers-gb/wp-content/uploads/sites/451/2019/08/neve-lawyers-demo-14.jpg...
[27/Jun/2020:05:07:42] (S): Fetched remote attachment.
[27/Jun/2020:05:07:42] (P): Inserting attachment...
[27/Jun/2020:05:07:42] (S): Attachment inserted
[27/Jun/2020:05:07:42] (S): Processed attachment.
[27/Jun/2020:05:07:42] (P): Processing attachment: https://s33834.pcdn.co/lawyers-gb/wp-content/uploads/sites/451/2019/08/neve-lawyers-demo-15.jpg...
[27/Jun/2020:05:07:42] (P): Fetching attachment from url: https://s33834.pcdn.co/lawyers-gb/wp-content/uploads/sites/451/2019/08/neve-lawyers-demo-15.jpg...
[27/Jun/2020:05:07:42] (S): Fetched remote attachment.
[27/Jun/2020:05:07:42] (P): Inserting attachment...
[27/Jun/2020:05:07:42] (S): Attachment inserted
[27/Jun/2020:05:07:42] (S): Processed attachment.
[27/Jun/2020:05:07:42] (P): Processing attachment: https://s33834.pcdn.co/lawyers-gb/wp-content/uploads/sites/451/2019/08/neve-lawyers-demo-17.jpg...
[27/Jun/2020:05:07:42] (P): Fetching attachment from url: https://s33834.pcdn.co/lawyers-gb/wp-content/uploads/sites/451/2019/08/neve-lawyers-demo-17.jpg...
[27/Jun/2020:05:07:42] (S): Fetched remote attachment.
[27/Jun/2020:05:07:42] (P): Inserting attachment...
[27/Jun/2020:05:07:42] (S): Attachment inserted
[27/Jun/2020:05:07:42] (S): Processed attachment.
[27/Jun/2020:05:07:42] (P): Processing attachment: https://s33834.pcdn.co/lawyers-gb/wp-content/uploads/sites/451/2019/08/neve-lawyers-demo-18.jpg...
[27/Jun/2020:05:07:42] (P): Fetching attachment from url: https://s33834.pcdn.co/lawyers-gb/wp-content/uploads/sites/451/2019/08/neve-lawyers-demo-18.jpg...
[27/Jun/2020:05:07:43] (S): Fetched remote attachment.
[27/Jun/2020:05:07:43] (P): Inserting attachment...
[27/Jun/2020:05:07:43] (S): Attachment inserted
[27/Jun/2020:05:07:43] (S): Processed attachment.
[27/Jun/2020:05:07:43] (P): Processing attachment: https://s33834.pcdn.co/lawyers-gb/wp-content/uploads/sites/451/2019/08/neve-lawyers-logo.png...
[27/Jun/2020:05:07:43] (P): Fetching attachment from url: https://s33834.pcdn.co/lawyers-gb/wp-content/uploads/sites/451/2019/08/neve-lawyers-logo.png...
[27/Jun/2020:05:07:43] (S): Fetched remote attachment.
[27/Jun/2020:05:07:43] (P): Inserting attachment...
[27/Jun/2020:05:07:43] (S): Attachment inserted
[27/Jun/2020:05:07:43] (S): Processed attachment.
[27/Jun/2020:05:07:43] (P): Processing attachment: https://s33834.pcdn.co/lawyers-gb/wp-content/uploads/sites/451/2019/08/lawyers-icon.png...
[27/Jun/2020:05:07:43] (P): Fetching attachment from url: https://s33834.pcdn.co/lawyers-gb/wp-content/uploads/sites/451/2019/08/lawyers-icon.png...
[27/Jun/2020:05:07:43] (S): Fetched remote attachment.
[27/Jun/2020:05:07:43] (P): Inserting attachment...
[27/Jun/2020:05:07:43] (S): Attachment inserted
[27/Jun/2020:05:07:43] (S): Processed attachment.
[27/Jun/2020:05:07:43] (P): Processing attachment: https://s33834.pcdn.co/lawyers-gb/wp-content/uploads/sites/451/2019/08/cropped-lawyers-icon.png...
[27/Jun/2020:05:07:43] (P): Fetching attachment from url: https://s33834.pcdn.co/lawyers-gb/wp-content/uploads/sites/451/2019/08/cropped-lawyers-icon.png...
[27/Jun/2020:05:07:44] (S): Fetched remote attachment.
[27/Jun/2020:05:07:44] (P): Inserting attachment...
[27/Jun/2020:05:07:44] (S): Attachment inserted
[27/Jun/2020:05:07:44] (S): Processed attachment.
[27/Jun/2020:05:07:44] (P): Processing single menu item ' '...
[27/Jun/2020:05:07:44] (P): Processing attachment: https://s33834.pcdn.co/lawyers-gb/wp-content/uploads/sites/451/2020/02/map.png...
[27/Jun/2020:05:07:44] (P): Fetching attachment from url: https://s33834.pcdn.co/lawyers-gb/wp-content/uploads/sites/451/2020/02/map.png...
[27/Jun/2020:05:07:44] (S): Fetched remote attachment.
[27/Jun/2020:05:07:44] (P): Inserting attachment...
[27/Jun/2020:05:07:44] (S): Attachment inserted
[27/Jun/2020:05:07:44] (S): Processed attachment.
[27/Jun/2020:05:07:44] (P): Inserting post: When the creditor\'s passivity helps us get rid of the execution .
[27/Jun/2020:05:07:44] (S): Done inserting post: When the creditor\'s passivity helps us get rid of the execution .
[27/Jun/2020:05:07:44] (P): Inserting post: All applications for inheritance must now be filed with the court .
[27/Jun/2020:05:07:44] (S): Done inserting post: All applications for inheritance must now be filed with the court .
[27/Jun/2020:05:07:44] (P): Inserting post: What are the conditions for parole .
[27/Jun/2020:05:07:44] (S): Done inserting post: What are the conditions for parole .
[27/Jun/2020:05:07:44] (P): Inserting post: Obtaining citizenship through court decision .
[27/Jun/2020:05:07:44] (S): Done inserting post: Obtaining citizenship through court decision .
[27/Jun/2020:05:07:44] (P): Inserting page: Homepage .
[27/Jun/2020:05:07:45] (S): Done inserting page: Homepage .
[27/Jun/2020:05:07:45] (P): Inserting page: News .
[27/Jun/2020:05:07:45] (S): Done inserting page: News .
[27/Jun/2020:05:07:45] (P): Processing single menu item ' '...
[27/Jun/2020:05:07:45] (S): Processed single menu item.
[27/Jun/2020:05:07:45] (P): Inserting page: The Law Firm .
[27/Jun/2020:05:07:45] (S): Done inserting page: The Law Firm .
[27/Jun/2020:05:07:45] (P): Inserting wp_block: Hero .
[27/Jun/2020:05:07:45] (S): Done inserting wp_block: Hero .
[27/Jun/2020:05:07:45] (P): Inserting wp_block: Columns side by side .
[27/Jun/2020:05:07:45] (S): Done inserting wp_block: Columns side by side .
[27/Jun/2020:05:07:45] (P): Inserting wp_block: Services .
[27/Jun/2020:05:07:45] (S): Done inserting wp_block: Services .
[27/Jun/2020:05:07:45] (P): Inserting wp_block: Heading with sub-heading .
[27/Jun/2020:05:07:45] (S): Done inserting wp_block: Heading with sub-heading .
[27/Jun/2020:05:07:45] (P): Inserting wp_block: Call to action .
[27/Jun/2020:05:07:45] (S): Done inserting wp_block: Call to action .
[27/Jun/2020:05:07:45] (P): Inserting page: Contact us .
[27/Jun/2020:05:07:45] (S): Done inserting page: Contact us .
[27/Jun/2020:05:07:45] (P): Processing single menu item ' '...
[27/Jun/2020:05:07:45] (S): Processed single menu item.
[27/Jun/2020:05:07:45] (P): Processing single menu item ' '...
[27/Jun/2020:05:07:45] (S): Processed single menu item.
[27/Jun/2020:05:07:45] (S): Processed posts.
[27/Jun/2020:05:07:45] (P): Processing single menu item ' '...
[27/Jun/2020:05:07:45] (S): Processed single menu item.
[27/Jun/2020:05:07:45] (P): Cleaning up import with id ...
[27/Jun/2020:05:07:45] (P): Done cleanup. Flushing cache...
[27/Jun/2020:05:07:45] (P): Flushed cache. Removing temporary data..
[27/Jun/2020:05:07:45] (S): Done importing
[27/Jun/2020:05:07:45] (P): Busting elementor cache
[27/Jun/2020:05:07:45] (S): Front page set up with id: 142.
